0.6503180239534488
0.4884827183529995
0.937001654062669
0.8993376275334111
0.6600945580976155
0.8313819611583841
0.8627800212626914
0.3536305853037135
0.3957552115039161
0.06153199037153989
0.5765752477207861
0.7344182549895879
0.9107695033563341
0.4982926042146562
0.34163963585531
0.2548149096137177
0.8595744067596479
0.5571673798297844
0.9674423869845042
0.9284839427962301
0.4116167984177515
0.07533343997477615
0.9717071866233761
0.3725878943250396
0.1055327624503004
0.2463763996254051
0.886852078607655
0.6936739658690128
0.239958067518938
0.8749293471775932
0.7274002809931176
0.7254662993704535
0.6571669801892219
0.7050794139757572
0.004475172566011931
0.8351580556452611
0.6216807445900386
0.2944450140033619
0.557943213912342
0.1113003789952778
0.2223498215152245
0.5355761344465338
0.5993881823140828
0.8864567099899247
0.1505784070479766
0.995290100893366
0.2248812665386295
0.9565705830344599
0.1667859753083804
0.664327703391661
0.3349946127753746
0.5132378122438925
0.4609397241786126
0.6610136764953009
0.1267227829373759
0.5436942670358141
0.1324150102360547
0.4184856709998308
0.6292583637150304
0.5108063458861908
0.9347776571222672
0.6125065812933734
0.9953084360376235
0.9603485336229955
0.6284127021097971
0.2449218424082531
0.4321789116040345
0.4182516887853712
0.9076644611044865
0.1268562150814092
0.9845210323461964
0.2242146711549301
0.7233117351700521
0.8571375186909495
0.2907930140157688
0.9600337519488144
0.3897959945364983
0.6117588087448488
0.7793627858088651
0.309989479297569
0.9719053335516737
0.8134337040177679
0.9509372480061844
0.4222795118935773
0.3701026585201028
0.6534721150623254
0.881683034040775
0.8153869253724223
0.5983017198964881
0.5011793093804872
0.417190841692384
0.4898223438702252
0.9215811426489093
0.5310010339008762
0.786965229613783
0.09359521571379159
0.1006900052695648
0.2710350985014287
0.9474268442493222
0.9755369593780613
0.7219262645207408
0.6668382235050815
0.8650261553308242
0.4331410916506228
0.2604479440709211
0.4267537596219166
0.8533314441553886
0.8003423383473911
0.8921395330264889
0.137811370946929
0.7741730201860715
0.3060087097378047
0.200558904681897
0.420304077536753
0.04985312066826031
0.2841825488487674
0.08962593980842937
0.04148040556188204
0.3071047088935268
0.8304515452609587
0.0108919005315169
0.852670422380138
0.3409202170951179
0.3598556987218173
0.3948125343214596
0.6704860121268278
0.1385602900787141
0.3919763819190807
0.3178529667213894
0.82577766049791
0.1077488201432745
0.9386613828186052
0.4124532217322834
0.7784846316794062
0.4343893367126277
0.1890818484028339
0.0793249443079812
0.9099637937741364
0.3622969532990457
0.87853932294118
0.524673881276166
0.421076097532518
0.8890020042986391
0.381308347717111
0.3663172448461721
0.2185625162989528
0.8861823428763352
0.3978133470026759
0.1421656458621564
0.8159469152867778
0.4593144218257509
0.259138224658356
0.7036170235091369
0.4396169897410211
0.02588264378145222
0.3216806732977913
0.4290990446051507
0.2724605878867711
0.1601223379203819
0.7914276519587506
0.5477016040987771
0.3104509968617465
0.8953179435231
0.3662573596430259
0.3290224274494683
0.6147570565019246
0.1960486471343198
0.3271964779542037
0.1773522551732777
0.4583312553913631
0.8009681933031625
0.4354259520111915
0.08303022905329249
0.5817719557241147
0.5540019826946889
0.0357686292862055
0.1647481380299407
0.9208361461434865
0.3826357345122697
0.5186050425172379
0.3180298068617625
0.5330144735946817
0.6819128262503968
0.3312504622546972
0.2053526764632342
0.6637413151200847
0.9448349682800991
0.1346963198747119
0.3069627682216418
0.7437715705469131
0.5975399672619541
0.05229862642519023
0.6128967563926228
0.2469766307315485
0.3554389041135328
0.02294076295795144
0.5843411574815005
0.08765613049699095
0.6701214846680033
0.5702697193609816
0.9198165318509834
0.2718883161172132
0.81009630651107
0.1338637774286427
0.1068423957413349
0.8000455595867527
0.3086544218563018
0.08156108837933207
0.9756272169000011
0.2339568149804232
0.1822746228811766
0.8411304401631966
0.246051027172665
0.09149660981515872
0.9887854643764933
0.456853471460808
0.5621285533781966
0.3521642860766259
0.05315194799878187
0.01294613789587407
0.9297895263480439
0.4424589615780128
0.7016509553315597
0.9422808078164019
0.01652159847615797
0.2600900084182772
0.4770018142936649
0.5681067242233323
0.758959764678061
0.2514167812649628
0.4036433016985651
0.07732525166503446
0.2019370824919442
0.8894845525568992
0.6579666622213047
0.6347682315208663
0.01572521427627993
0.1845923019225965
0.02489786918285941
0.7946228195349294
0.3013950605884544
0.4864785030807959
0.4931396649893327
0.06025889814595509
0.7140682136642309
0.0004373894746807494
0.7178904475134288
0.4607617780960942
0.7032109507341866
0.7888037689888167
0.008667461719464975
0.2505435826243211
0.09320641323906897
0.7846117384272119
0.01601912010011775
0.8346651274854793
0.0691720752866446
0.1900762069829999
0.07714259551179026
0.7508171801207033
0.1459626073153202
0.390150944072155
0.4591058133655761
0.1990178889745475
0.3236683203139984
0.9582908438368211
0.157973652509576
0.7159685687026036
0.2349405461785412
0.8111780618878214
0.7842515872376766
0.7428536765088408
0.7425591220996512
0.0863617336450303
0.3043165080828145
0.457869770615499
0.5442774140756871
0.4249497201878089
0.2247481146941964
0.3563795584157292
0.08784286927865503
0.4203883905000106
0.05449948415067529
0.9984000184522147
0.1897964474277097
0.2689896108049363
0.108975698804141
0.9504672346059884
0.6574611703991919
0.8768969529777892
0.9122238401183984
0.02890370969144995
0.4572692433785256
0.4249671960145135
0.4875311666162246
0.9081194851759794
0.9026926470216278
0.6292433815558501
0.8653071640297529
0.6672899825992739
0.351290526521623
0.2241819407311247
0.1710177089789047
0.004047899239356445
0.488701791429067
0.4806324049843086
0.2773619604298556
0.7669783802821941
0.75540812996455
0.299786030379816
0.4836282931316886
0.3992271710853053
0.3786612528320961
0.5079459458695164
0.7676800052051997
0.3868345858652783
0.6425854003477078
0.3067603939426753
0.4125628647958534
0.1212180526865166
0.7179958553976477
0.5228093196829837
0.3865959265508523
0.5033798535673312
0.0709817000488403
0.5960214625077789
0.6356161468394599
0.340578089727537
0.228131306457406
0.3658297404004298
0.03703597747029808
0.1794575818418075
0.1183486388435603
0.6928405020023434
0.7241504963824484
0.0003004831922772677
0.6658592703435824
0.9498529374139388
0.663976170839048
0.02448874864405715
0.05022946293358344
0.4225968388264821
0.1443233549554115
0.3325177285234739
0.2778666200523811
0.969573826028445
0.2658199669427895
0.4038654095945894
0.2682285697477526
0.7803669704434275
0.710380096511935
0.7576201015078465
0.2346334756012488
0.4272314903174351
0.154718040612556
0.01778687349040309
0.5601763346052903
0.3987345378496098
0.1790516858464394
0.7851855911981518
0.3096326009069013
0.5267719865179247
0.3100540172367171
0.8762671290691207
0.08406250750456867
0.4781370888147745
0.1173480775857594
0.7110175829182799
0.5469663540116715
0.9489077883374283
0.6758188268212248
0.2769413695780246
0.4658212762834809
0.6627034200441724
0.6215489109298712
0.09659981361293224
0.741070423347198
0.8544729638961222
0.6770894267087689
0.7084972515834085
0.0966961828915428
0.3858646837287154
0.05422813079245492
0.7895594997607552
0.1857273677712317
0.3429538707892318
0.0803201289567862
0.8186540172820151
0.1608413265866879
0.7804926880350227
0.9701090383565067
0.3761676885448906
0.8037250942009901
0.1492334519781237
0.8809410178234433
0.4956252710284669
0.1557684649173277
0.680437292630179
0.6157199777352392
0.606815264791702
0.7710764448649157
0.2733964437038561
0.9751526216463345
0.453366287680002
0.4296761357055882
0.4992261822398798
0.05772950139062116
0.4427326470447555
0.236332000935897
0.198817900473189
0.5118770787877773
0.639210639916877
0.1369202537668188
0.2636111715296986
0.7183703086923328
0.5008480679628178
0.1614260156992272
0.3627623823222025
0.1207047354391311
0.7193114149281808
0.2725708166380068
0.6791018911303008
0.676821920570327
0.2611475306547377
0.482880292477423
0.4824846942977812
0.4065891636917495
0.8691075770506946
0.8748475193678013
0.3647155345579559
0.5847599211161433
0.805451693115974
0.747229402812761
0.2033563067064652
0.184200591147755
0.2462651859797313
0.873111732069911
0.4328941961471164
0.2960645617157339
0.4341002402874847
0.5875316556231517
0.7149485392949634
0.1780841472482397
0.8898138559292792
0.3544568689814951
0.9013932557226094
0.5733408716725558
0.4514552487331087
0.4787379163171557
0.7366839962751545
0.5861262397606934
0.7266973507700155
0.3923296529472992
0.8861569114861583
0.9602704912210621
0.5780159430174775
0.3247369842220542
0.04224506968283892
0.3965585028796293
0.7301794797945799
0.6069721132973706
0.7189895718930213
0.2509955222999217
0.0533380279123068
0.7590548018885734
0.7859315245331829
0.08463355183559629
0.7661516320138256
0.7798513048821003
0.7916997074546563
0.8144790079697085
0.5920591071360111
0.4995129916692234
0.5803026132659418
0.1246573760824203
0.7909806585868586
0.2675469717359523
0.7803619755867374
0.8666183899213381
0.8078425764630409
0.3412927375000051
0.2167109871396348
0.1063081532029785
0.8034343143800281
0.512211071623602
0.4473469230823819
0.584738177515523
0.3125001685789257
0.204103825827691
0.6377438770595113
0.485488085655519
0.1026581071058962
0.06337258610461605
0.7220983598285338
0.2423680053731119
0.7019203162962731
0.5469849447231765
0.7692537456712611
0.729116001661297
0.5607806338182519
0.2687491437376127
0.3463357331819875
0.7640514594150138
0.5604035311145521
0.1150301238529872
0.594708993670596
0.4165135116945846
0.428420238850007
0.1247586467120271
0.340498996918883
0.3633461199818283
0.6038713811054321
0.6739311372686977
0.2150954097671662
0.1507033931024598
0.123174570306675
0.2574346651560989
0.03481251809222496
0.8501818033715985
0.7275222727078967
0.412929440738298
0.1460590384000252
0.5476835689159603
0.8074282606712589
0.3633092280868895
0.4732958556658446
0.4487535956948233
0.7122806972502542
0.8081481934300487
0.2213747939012357
0.2988616802212167
0.9803088543131703
0.7041609868838505
0.4006402876342462
0.3769342819483587
0.3319959560229718
0.7333002307182208
0.5424610950289805
0.5528354951443177
0.1378024403808166
0.6843777817492799
0.287873155868399
0.9200366562772472
0.1237174339861521
0.7568733378508893
0.4436676116878018
0.8881658818581093
0.8493000857639216
0.6495685631365513
0.9732009010863389
0.863968799076273
0.4733048003262575
0.9067122079717702
0.3252655404422996
0.6368436441021101
0.935706371241846
0.4040663144549765
0.8857361994022674
0.6170301511770427
0.0902470009963191
0.7196202286614481
0.1266606891096127
0.8531983279935089
0.05088524269445904
0.3618387096006214
0.8732802154223562
0.5152577064283903
0.5870331004535012
0.7007676693224191
0.8629810923243444
0.2097879917476713
0.3852675883901711
0.8006912306729356
0.496230524106594
0.09918853421241181
0.39544584869857
0.8977373144653473
0.1524731747371258
0.7635621572362632
0.9778817474915998
0.1563751980487471
0.9053320790111695
0.3546213597689327
0.6913276614316254
0.07257731315210558
0.3573118136720169
0.8585939343099011
0.4496821873083068
0.1049465823077235
0.5161817287749787
0.4212912237545752
0.7817688787358262
0.9153054132174963
0.6774320346999092
0.591661169546859
0.5017599083521775
0.8613999283369119
0.3675860944272576
0.5882525547564514
0.05906240620369985
0.7379140414491748
0.3953840475144225
0.2167607976217427
0.1625894173420634
0.5961898239414849
0.1376361696907722
0.009855119894852549
0.8250381043392786
0.1869445005647972
0.07939779799864177
0.0909660521737129
0.7545113719553194
0.9247698769535891
0.1085469112802996
0.62874153220493
0.8264410802835279
0.0885866911227553
0.01959425966128037
0.8993469294160054
0.4828960845203721
0.8142959783190092
0.9274322681219045
0.1382989600664988
0.1424892632173982
0.8737202113306736
0.3097102008746847
0.1710923747022103
0.8411060887236667
0.4670801333785919
0.5353928450219875
0.9862495128774433
0.1114923073444118
0.6370975261327456
0.1311534935190589
0.9025452162554971
0.9192841841259661
0.5552305357112941
0.3268000506020309
0.9130689214395864
0.4339695983087687
0.7833375290265282
0.2320247426294367
0.2473373107457957
0.06116636612379078
0.5346265159565269
0.4871557265168455
0.7999800742028128
0.6771855983014504
0.6976236217379944
0.3558346227499628
0.5555727171591794
0.5310135280561644
0.3842062963391232
0.7512508970854799
0.6798329396445083
0.5910954256660427
0.07172293955620768
0.1502249113762889
0.321384880894685
0.873152572590233
0.7898558008295457
0.6734151289979204
0.4002018079802339
0.9537530592463143
0.8524076243699407
0.3890190683520611
0.6804843526541604
0.4672780678347668
0.1508400860746074
0.2404063978288743
0.2182138511945464
0.5820130106930717
0.3231975075442456
0.026502183653066
0.6030860401143043
0.5463315293910899
0.6056110273954068
0.4869403233355611
0.9967915901957929
0.3100860631646414
0.2715053746656917
0.2051526040501144
0.8605820391685967
0.1283851202314211
0.8175946669080401
0.859577919716747
0.4973940987402908
0.8724079624776739
0.7105788808466833
0.6296541931639963
0.6315003361152673
0.9216628648553703
0.9834619084245143
0.6695259014399049
0.1473082477923241
0.03341024848667107
0.2141951101242667
0.33471437864466
0.5583662897187468
0.3980324105540621
0.04866151628155346
0.5007358651080561
0.4445579595493376
0.3080074109785871
0.8596658882215873
0.5396850649308698
0.3543283967370408
0.08579193938111418
0.4066306684575414
0.464350203254805
0.2223657072669334
0.06952646495979709
0.723006012651459
0.2133833712308715
0.2970149336426436
0.5760034935906285
0.7614715622942139
0.8212606003378309
0.4859997017399378
0.4699181285341116
0.5005089518520512
0.7579322227651968
0.2933930708269608
0.8140813223530778
0.7028986355293417
0.00518753246762671
0.1576987740696226
0.65903404338588
0.8581566956750021
0.3934966200413317
0.6920059089691761
0.9810784560190784
0.9185594486201439
0.5154084361270787
0.6336849901772145
0.38016935513969
0.0907767826646122
0.2315298232912008
0.08409691840097766
0.9878381406492449
0.4618860126224094
0.7659120539782148
0.7472907474866972
0.4700319378090621
0.4482395741334905
0.8037855343501564
0.5995120410214608
0.4268825253447258
0.3121924373657365
0.3096871215682895
0.7189580646817968
0.6872385759046505
0.5532999292633453
0.8791110726439363
0.06463931712973892
0.8913029662974378
0.6253451105885103
0.06043444126308184
0.9816850505781446
0.8951149468148942
0.3030671897066863
0.5431971063755909
0.3481157701352742
0.3651616343390569
0.5131188244063665
0.8016793435663627
0.4766326124284521
0.9905365916679839
0.3731178212852561
0.8470637562579499
0.0340336827385197
0.7766242908885574
0.3325056352900183
0.2602708950318321
0.6493723128628688
0.9662500182433849
0.5841766663057296
0.8668290921583699
0.5219004229623593
0.4122003806912802
0.5399781950019175
0.2868415691045113
0.6801827438424812
0.4069623037438452
0.1347289872244557
0.5819365866447295
0.1237563643047022
0.9419235344462402
0.3229969837311001
0.7210079018110537
0.8303595461622507
0.06259275120634489
0.2372112313812406
0.6067753094267934
0.8294034561763286
0.6881719391539416
0.04746497883329903
0.6841400958695382
0.8980835874427053
0.05780133319342151
0.09747820238209381
0.3979857216027785
0.8943073517378124
0.6706027084740156
0.8244361638939255
0.8685411237036743
0.6303996110283853
0.5724714273044534
0.4580057840526993
0.4424143635863954
0.0856051963123432
0.02918504653631704
0.8071980214633144
0.6745116929415982
0.2787552514143321
0.1929162748599763
0.3938319367274885
0.6323893399553459
0.2261494001570722
0.03983796083842395
0.08911809331595122
0.3234163797609066
0.6069731256357284
0.428085957596731
0.8986075507913082
0.5247212207731438
0.8304779872721778
0.517508999542387
0.3962943142204505
0.2063918703932639
0.7214662300067105
0.3653064482378545
0.5544591200515206
0.639404399538308
0.7537374037066753
0.4510743397156333
0.02077695452706763
0.1965563804700352
0.2595825442209581
0.5163193059803268
0.2486571754733935
0.6371450271579522
0.6933284921552312
0.7606368816292217
0.2610553579861932
0.1953532443454137
0.8401670096427719
0.212766713513678
0.7204116545722539
0.5977149370579564
0.1501949135064569
0.5730051478272902
0.4016816777123072
0.3394304841652374
0.5493511769037253
0.8558957746029106
0.4537495399503665
0.3546156086344668
0.4144332195276197
0.3217054916522063
0.908033803738985
0.9498225982369386
0.7051270967207431
0.09271181571860165
0.809127088964777
0.2709096527399367
0.6868180781171539
0.9133623882526769
0.0937241296014566
0.2969641244435512
0.7701173167468609
0.5189730164810366
0.6171038932085029
0.1191799095897006
0.5605459184910403
0.9564741723391904
0.7274260926916525
0.9233239524929466
0.05331466068421353
0.7253287821909343
0.0822179095751302
0.7237387548294985
0.04601309686883259
0.5854630441658266
0.301186798583765
0.4146142289166309
0.9586039468875507
0.1984697191490814
0.493990668464467
0.08943951315193299
0.8408095753033005
0.6444507582855733
0.007577483930252149
0.958096329922833
0.2239871895538209
0.229781402304199
0.778080495431647
0.9922955509430599
0.5468469599666943
0.1025716034930885
0.05615919236737144
0.22645834192937
0.3095432964627943
0.8122123917035114
0.8559000152531338
0.1443054643289919
0.213036791542431
0.0266827565091271
0.3369158672309045
0.6763265545662102
0.955312425592292
0.05001886152491419
0.7116592338958015
0.2316486758102064
0.1600092772364915
0.7437788085971911
0.9710074538656897
0.3702476211042574
0.6552107625046196
0.6815648754451697
0.126672768622443
0.9675320123160455
0.2424640985809726
0.5327570455742432
0.831441745860325
0.6822951770830918
0.5171434360386467
0.4097701982127263
0.1451029643327478
0.2454469046692949
0.6988679429620749
0.4183371870390727
0.1523180952876768
0.8133834114663437
0.09607006911035831
0.8732821766309616
0.5154671441252929
0.1637086403360554
0.7458416329998254
0.4302368526855519
0.1576941131965059
0.08500804695052511
0.8639478134433469
0.7771373190865448
0.2670155381431536
0.2846504655692468
0.6069874069931164
0.04732268911204174
0.835551536332405
0.9688051788917623
0.7500989528612163
0.9242334748327425
0.1070017838015679
0.9091730081906568
0.8195807110347029
0.6436110226532475
0.9988360643474845
0.2147883487502357
0.9907356411930854
0.02253169598242988
0.3952188200345567
0.563025145328426
0.5638849200991123
0.4694446641138204
0.4435623370228829
0.2015715778215875
0.1961766327833768
0.8522308990501314
0.6911389149218541
0.3788564615907057
0.1902501169767405
0.2556248820778783
0.2969340103885412
0.8958055521520057
0.9909602270038078
0.08399444063427475
0.3470413353090209
0.08848898325168753
0.6306376913146767
0.2518393824376944
0.425897268952304
0.509122368587962
0.2784645023826405
0.5382844448051605
0.8025189849443845
0.1222723597153804
0.7504703645910918
0.4799085266728108
0.9988734910773199
0.4670132007597942
0.5411090093578682
0.08826866810601841
0.9698965966063634
0.6223676197194213
0.4497689217067493
0.9100397571982733
0.9064308537822637
0.1264854973274419
0.2571162995761304
0.6033755440970515
0.1881403378002294
0.265717114179129
0.1738146317804369
0.5085106827404543
0.6265845511537107
0.4145640557496814
0.09388857954058138
0.3498154791226893
0.5291313865956505
0.9924061720619217
0.1056088367855028
0.6305442873478848
0.6040347076744499
0.7746048994908038
0.4688105892833586
0.146116053707244
0.2172214697148592
0.8714354817710486
0.9423207029586682
0.107123999174177
0.5031800968535627
0.3048098780462696
0.7759861196677259
0.7276204400535498
0.2680432566197934
0.768497066335176
0.8413894551620479
0.4027338702715877
0.9403763900793729
0.01557000593481228
0.6140818283019591
0.1587574398665161
0.3811894704508811
0.4247702988074596
0.6811744958386107
0.3862471959455901
0.2539761439676458
0.7688994650161585
0.1821404835632063
0.9985217622095751
0.3212437166602852
0.1206571201182719
0.7771445462729983
0.9622545330606386
0.3923927402388654
0.6756111597328189
0.2968586588654232
0.2292517754109904
0.8406756107966532
0.3898426201236188
0.6223793677860813
0.8150359832388396
0.9570208010239272
0.4956685062353613
0.8437650271632168
0.5442234660658111
0.6019008961619494
0.4436239245630647
0.6819310264008567
0.6728292461686639
0.9188999684571715
0.6129999783000216
0.2327626616813097
0.1434043558863679
0.1731558464898726
0.7529959409156536
0.07545566646777047
0.07397465432777739
0.2549688485319321
0.1541308092668441
0.1904453928224489
0.6470493585922047
0.788235103088906
0.008241421782287706
0.9836485294721403
0.007853904113117705
0.8115201193063513
0.1087519892981619
0.9199524954139301
0.02921287422900998
0.6073097015952469
0.7215824789963577
0.07807605034847342
0.7243863486469079
0.9164739593128937
0.697822038014773
0.8871394180687924
0.6023324473165618
0.9768746055021411
0.8085460024756621
0.9677410567869426
0.4407816722996941
0.7000246550355381
0.6091801224568011
0.3932296897806269
0.1329931226688476
0.6492656834939226
0.5578804403716315
0.2959241313610862
0.04913022850940851
0.7078024997581506
0.1269903477416293
0.8987559712636709
0.05555503682983087
0.2640196206232238
0.07788929416702917
0.9317599877484539
0.007330319903292248
0.1271419066744075
0.9991437155872427
0.3229144767458884
0.02140904470483185
0.1829906051094208
0.2242216292325585
0.9557677968499255
0.1319339231816316
0.3497396561535612
0.9206679017577042
0.3956994043164318
0.877898261912829
0.599993980733996
0.5237965685930378
0.0924405704825928
0.9563199974638337
0.5376903396391337
0.8110328835338561
0.5420938645628347
0.6996633382440136
0.9862742900130439
0.09013073521883819
0.9493807211430108
0.04865934923374737
0.9496451980958147
0.1931115058600583
0.2016333080219007
0.338183630962463
0.02318225961281095
0.3644161569534382
0.4884619390676168
0.1765665519965919
0.8309282052364066
0.02494240361099109
0.6673340431170758
0.7277429819237484
0.05753422440249778
0.6071529339554288
0.008835451109130088
0.6510760527007121
0.4414320076951826
0.6104809840115443
0.1529600771109246
0.1458517401969358
0.9758673298037673
0.7298067827369404
0.02060726998061591
0.3222091207791932
0.3698251471714107
0.2030274560315002
0.4916656849123969
0.150886484875035
0.8444343783183781
0.5298396721357761
0.597147846249664
0.3135808410342363
0.3426376611871397
0.4590780782230488
0.06616936497844239
0.2947828480725955
0.6892734974064747
0.1461563009003966
0.9785996032410327
0.9901931437218461
0.1463763926392877
0.4219659090460131
0.6913425255165663
0.6022784818544386
0.9056577427243224
0.1642653909762725
0.3458347962354786
0.4749339771351672
0.3487375441268588
0.5770555570557986
0.5608501895345734
0.9614057906378882
0.4842549135181061
0.4747226960402899
0.5588826900522844
0.6993923386594525
0.9000731890737188
0.2822474590291481
0.7029688339379108
0.6226735882152065
0.2867268005614353
0.9085447814410176
0.7849256033669892
0.9365106884651218
0.8917494818098978
0.3359178810473632
0.619101314994691
0.4655304218197263
0.1213411339225675
0.9361792966241368
0.5286685963033901
0.9121212267092531
0.2383734115749251
0.3230227450114571
0.6420914856939284
0.3900339383398056
0.05276562463596501
0.7889093894995104
0.6677833425613903
0.6171703201754285
0.08143072250439465
0.2668382688492289
0.6014937779089435
0.9540969573107145
0.2349342323693229
0.1777935131260011
0.3987586204705689
0.4254140709898914
0.6014513900871654
0.09154502847998425
0.9523336501421346
0.1875616501750692
0.9728053921440032
0.3607239276654509
0.9772462832221733
0.1408464229369493
0.2528587475879526
0.1834702386497366
0.411527264461312
0.4884726397314568
0.7936321185967388
0.5751534353040031
0.4757074214726258
0.5380602036955732
0.04017376668107564
0.4615477056264738
0.7174563482264137
0.5973727846787659
0.9710436685145228
0.6625581673987413
0.151638585133314
0.1296948820425559
0.9102273502093806
0.919820773976077
0.1386940462519287
0.04932412474946368
0.2573132874251718
0.9411987035703483
0.397779027234155
0.3839580625646384
0.7630926747887783
0.1593135858820084
0.8483822475616445
0.3349662208474795
0.6333738422431516
0.03123121801711393
0.6299810693475693
0.7782591117179468
0.4401120626698313
0.1086566430396458
0.08343734836256267
0.6248224470812869
0.3141144002366905
0.849459556305598
0.08058942476411479
0.7596126605818559
0.6935737139372022
0.7038634332687301
0.1621000087292042
0.3276901611222375
0.7521054424421723
0.115661548439783
0.8674984176363343
0.5525680865552584
0.8715043615550648
0.9751117051736048
0.6186286484426765
0.2753829420956175
0.01224481463095139
0.9553791307301093
0.6950188079223019
0.1513930273771641
0.6344878310538082
0.2043573169271629
0.9360552363967641
0.2274396936168602
0.1511012003242964
0.9864605061377066
0.9621496000601867
0.8604448434832603
0.4322421782303369
0.4793502993213371
0.814827462929237
0.4202637891800705
0.006201597889461619
0.0846466379018731
0.453229935470033
0.962693208789286
0.2937700455710626
0.3329646220514374
0.7206261862953027
0.143760360340099
0.7563081806178892
0.8250967478616973
0.6732403941360816
0.2116682019333378
0.9969281616542216
0.8719168956766714
0.8065980991430345
0.497581083517733
0.5286697215182014
0.2259097206721734
0.522806913258135
0.2257592001200188
0.3226392775141722
0.2159000703590761
0.4781369683108982
0.4984007066381787
0.8335160082594085
0.3460337845812474
0.04369159649465559
0.8042953470771809
0.6809960854409878
0.8238858830463517
0.1325439425627106
0.05536223658664952
0.8395184604905025
0.7891961067907766
0.9891226255144886
0.02838326798162993
0.755970793930046
0.1650096171334219
0.3069876284271672
0.3639360676938831
0.4262620703749589
0.9119337775523724
0.7630245857368927
0.6615705642523303
0.8453443133276819
0.06210074669065591
0.006699762547266896
0.06729914353171285
0.07972228895796785
0.8927881074494035
0.2993912507761075
0.1169219446398426
0.1492086939611845
0.759699285221942
0.4070827209661405
0.6277888908027781
0.07609483805782247
0.7081747441130539
0.8970926056143576
0.2532726101168269
0.900364375336334
0.161242230860877
0.8983261194342378
0.6897308674487427
0.9686594680892709
0.4082259863743838
0.9231522788107567
0.3276257225620329
0.05393387917783499
0.6330289372840903
0.1962580807347584
0.02595056658460115
0.5806414074630566
0.5099336593997109
0.6364136762248673
0.8156097209396822
0.7917162920274404
0.4175514023167312
0.2791363510910901
0.6576542392945057
0.5221278202874465
0.0408611757511167
0.6772407389752506
0.2728538043726231
0.3650285491852751
0.8073209753395025
0.9503628155529781
0.3875029822406321
0.975755557223288
0.09948871755403355
0.9226384187122371
0.003784417452044386
0.8184310573440167
0.8737223741413229
0.7786332136316196
0.9057553324877371
0.352489467881137
0.8692324940972163
0.6116206899524886
0.9995522729196055
0.2774992838155945
0.2944028195293634
0.866887513238829
0.3320216413859963
0.2092721108924354
0.4623752302744883
0.5913125294946737
0.0105211767938802
0.09979034522476637
0.7220840743551495
0.05039180334217519
0.3258497231729766
0.2960307413007432
0.9213281533736809
0.7012642355490378
0.1005755744624042
0.2570123166579151
0.215864127127565
0.3261888859272131
0.3521841423271812
0.8449060892123392
0.1085868568319757
0.1391787500984409
0.2059300490158389
0.04598072877579429
0.5731563176313599
0.8488865541253162
0.3179747070558278
0.01821886610093149
0.4200596233856886
0.6870512278867796
0.1469754234288149
0.2441773045967537
0.2013489889589525
0.2654718722652413
0.6324278271728552
0.3006948830823797
0.3808935525746264
0.6002395981173428
0.2267373440212994
0.5532308645355847
0.3239719909794091
0.7157935279387518
0.174723637463112
0.9021400060530627
0.06027050636889864
0.8008204822871061
0.009753116205136747
0.07163465576839279
0.3537467344945101
0.4049742703855922
0.4371696868562542
0.1872963273834314
0.05363126462086132
0.9299798967805376
0.6023479871524379
0.9506689236132713
0.5423332418198398
0.967029885131179
0.1618510320815647
0.0004081610631953003
0.8621643715790953
0.3195565033570706
0.1951631117661952
0.9993617561946964
0.2104065630630773
0.2725763792675832
0.9484219307103602
0.01549192671661381
0.8871624918700933
0.6540900762708175
0.9546377426289369
0.3827621787045229
0.6001721126665013
0.252954015964177
0.6005108026192048
0.2031262914441138
0.6836786203486488
0.1517224259625355
0.3303142730711177
0.7739005103360119
0.3425340186086933
0.06322718703041696
0.7293038986631674
0.597879747335552
0.04281587106608054
0.7927577453072063
0.7974915811999811
0.920373277612177
0.5622398518405672
0.1365540632672292
0.3361786189345553
0.5744523834814451
0.2165141889348935
0.7519424831360717
0.6828824648482067
0.521114824082142
0.6388233793783145
0.9472375468998747
0.02588064321362182
0.3589575248017303
0.459611724179514
0.2585526463335159
0.3438063185869703
